Using pre-set license
Built from '2020.2/staging' branch; Version is '2020.2.7f1 (c53830e277f1) revision 12924976'; Using compiler version '192528614'; Build Type 'Release'
OS: 'Windows 10 Pro; OS build 19042.1586; Version 2009; 64bit' Language: 'pt' Physical Memory: 16333 MB
BatchMode: 1, IsHumanControllingUs: 0, StartBugReporterOnCrash: 0, Is64bit: 1, IsPro: 0

 COMMAND LINE ARGUMENTS:
C:\Program Files\Unity\Hub\Editor\2020.2.7f1\Editor\Unity.exe
-adb2
-batchMode
-noUpm
-name
AssetImportWorker0
-projectPath
E:/Fabio-bala-de-canhao
-logFile
Logs/AssetImportWorker0.log
-srvPort
54746
Successfully changed project path to: E:/Fabio-bala-de-canhao
E:/Fabio-bala-de-canhao
Using Asset Import Pipeline V2.
Refreshing native plugins compatible for Editor in 114.28 ms, found 3 plugins.
Preloading 0 native plugins for Editor in 0.00 ms.
Initialize engine version: 2020.2.7f1 (c53830e277f1)
[Subsystems] Discovering subsystems at path C:/Program Files/Unity/Hub/Editor/2020.2.7f1/Editor/Data/Resources/UnitySubsystems
[Subsystems] Discovering subsystems at path E:/Fabio-bala-de-canhao/Assets
GfxDevice: creating device client; threaded=0
Direct3D:
    Version:  Direct3D 11.0 [level 11.1]
    Renderer: NVIDIA GeForce RTX 2060 (ID=0x1e89)
    Vendor:   
    VRAM:     5968 MB
    Driver:   30.0.15.1215
Initialize mono
Mono path[0] = 'C:/Program Files/Unity/Hub/Editor/2020.2.7f1/Editor/Data/Managed'
Mono path[1] = 'C:/Program Files/Unity/Hub/Editor/2020.2.7f1/Editor/Data/MonoBleedingEdge/lib/mono/unityjit'
Mono config path = 'C:/Program Files/Unity/Hub/Editor/2020.2.7f1/Editor/Data/MonoBleedingEdge/etc'
Using monoOptions --debugger-agent=transport=dt_socket,embedding=1,server=y,suspend=n,address=127.0.0.1:56484
Begin MonoManager ReloadAssembly
Registering precompiled unity dll's ...
Register platform support module: C:/Program Files/Unity/Hub/Editor/2020.2.7f1/Editor/Data/PlaybackEngines/WebGLSupport/UnityEditor.WebGL.Extensions.dll
Register platform support module: C:/Program Files/Unity/Hub/Editor/2020.2.7f1/Editor/Data/PlaybackEngines/WindowsStandaloneSupport/UnityEditor.WindowsStandalone.Extensions.dll
Registered in 0.003570 seconds.
Native extension for WindowsStandalone target not found
Native extension for WebGL target not found
Refreshing native plugins compatible for Editor in 112.52 ms, found 3 plugins.
Preloading 0 native plugins for Editor in 0.00 ms.
Invoked RoslynAnalysisRunner static constructor.
RoslynAnalysisRunner will not be running.
RoslynAnalysisRunner has terminated.
Mono: successfully reloaded assembly
- Completed reload, in  1.635 seconds
Platform modules already initialized, skipping
Registering precompiled user dll's ...
Registered in 0.005428 seconds.
Begin MonoManager ReloadAssembly
Symbol file LoadedFromMemory doesn't match image E:\Fabio-bala-de-canhao\Library\PackageCache\com.unity.visualscripting@1.6.1\Editor\VisualScripting.Core\Dependencies\YamlDotNet\Unity.VisualScripting.YamlDotNet.dll
Symbol file LoadedFromMemory doesn't match image E:\Fabio-bala-de-canhao\Library\PackageCache\com.unity.visualscripting@1.6.1\Editor\VisualScripting.Core\Dependencies\DotNetZip\Unity.VisualScripting.IonicZip.dll
Native extension for WindowsStandalone target not found
Native extension for WebGL target not found
Refreshing native plugins compatible for Editor in 0.76 ms, found 3 plugins.
Preloading 0 native plugins for Editor in 0.00 ms.
Invoked RoslynAnalysisRunner static constructor.
RoslynAnalysisRunner will not be running.
RoslynAnalysisRunner has terminated.
Mono: successfully reloaded assembly
- Completed reload, in  1.485 seconds
Platform modules already initialized, skipping
========================================================================
Worker process is ready to serve import requests
Launched and connected shader compiler UnityShaderCompiler.exe after 0.26 seconds
Refreshing native plugins compatible for Editor in 0.90 ms, found 3 plugins.
Preloading 0 native plugins for Editor in 0.00 ms.
Unloading 3480 Unused Serialized files (Serialized files now loaded: 0)
System memory in use before: 266.5 MB.
System memory in use after: 266.7 MB.

Unloading 24 unused Assets to reduce memory usage. Loaded Objects now: 3927.
Total: 2.865900 ms (FindLiveObjects: 0.392700 ms CreateObjectMapping: 0.100900 ms MarkObjects: 2.199500 ms  DeleteObjects: 0.171600 ms)

========================================================================
Received Import Request.
  path: Assets/Mensagem
  artifactKey: Guid(060b52f16e460964aa1445e68acf3c21) Importer(815301076,1909f56bfc062723c751e8b465ee728b)
Start importing Assets/Mensagem using Guid(060b52f16e460964aa1445e68acf3c21) Importer(815301076,1909f56bfc062723c751e8b465ee728b)  -> (artifact id: '74e4c125316ca074089683e93861c245') in 0.009861 seconds
  Import took 0.015519 seconds .

========================================================================
Received Import Request.
  Time since last request: 8.318570 seconds.
  path: Assets/Mensagem/mensagem.unity
  artifactKey: Guid(748ec01c3c9ddd44a98807481761e497) Importer(815301076,1909f56bfc062723c751e8b465ee728b)
Start importing Assets/Mensagem/mensagem.unity using Guid(748ec01c3c9ddd44a98807481761e497) Importer(815301076,1909f56bfc062723c751e8b465ee728b)  -> (artifact id: '1ee4b82ff473ceb6ab520f90f0215d65') in 0.013222 seconds
  Import took 0.018982 seconds .

========================================================================
Received Import Request.
  Time since last request: 0.006619 seconds.
  path: Assets/Mensagem/mensagem.unity
  artifactKey: Guid(748ec01c3c9ddd44a98807481761e497) Importer(815301076,1909f56bfc062723c751e8b465ee728b)
Start importing Assets/Mensagem/mensagem.unity using Guid(748ec01c3c9ddd44a98807481761e497) Importer(815301076,1909f56bfc062723c751e8b465ee728b)  -> (artifact id: '1ee4b82ff473ceb6ab520f90f0215d65') in 0.002358 seconds
  Import took 0.007883 seconds .

========================================================================
Received Import Request.
  Time since last request: 3825.668451 seconds.
  path: Assets/Mensagem/Cor.mat
  artifactKey: Guid(8199755b39dfb2341a7ee40445c1421a) Importer(815301076,1909f56bfc062723c751e8b465ee728b)
Start importing Assets/Mensagem/Cor.mat using Guid(8199755b39dfb2341a7ee40445c1421a) Importer(815301076,1909f56bfc062723c751e8b465ee728b)  -> (artifact id: '5729d7ca44620bb91546e65f418f4ecc') in 0.113449 seconds
  Import took 0.122688 seconds .

========================================================================
Received Import Request.
  Time since last request: 39.564464 seconds.
  path: Assets/Mensagem/Mensagem.cs
  artifactKey: Guid(ab36fe7014bad514c97c2079d10ca65c) Importer(815301076,1909f56bfc062723c751e8b465ee728b)
Start importing Assets/Mensagem/Mensagem.cs using Guid(ab36fe7014bad514c97c2079d10ca65c) Importer(815301076,1909f56bfc062723c751e8b465ee728b)  -> (artifact id: '5ad2ceb8e2b739c698fd2aa6731e4efd') in 0.026705 seconds
  Import took 0.033004 seconds .

========================================================================
Received Prepare
Registering precompiled user dll's ...
Registered in 0.004921 seconds.
Begin MonoManager ReloadAssembly
Symbol file LoadedFromMemory doesn't match image E:\Fabio-bala-de-canhao\Library\PackageCache\com.unity.visualscripting@1.6.1\Editor\VisualScripting.Core\Dependencies\YamlDotNet\Unity.VisualScripting.YamlDotNet.dll
Symbol file LoadedFromMemory doesn't match image E:\Fabio-bala-de-canhao\Library\PackageCache\com.unity.visualscripting@1.6.1\Editor\VisualScripting.Core\Dependencies\DotNetZip\Unity.VisualScripting.IonicZip.dll
Native extension for WindowsStandalone target not found
Native extension for WebGL target not found
Refreshing native plugins compatible for Editor in 0.77 ms, found 3 plugins.
Preloading 0 native plugins for Editor in 0.00 ms.
Invoked RoslynAnalysisRunner static constructor.
RoslynAnalysisRunner will not be running.
RoslynAnalysisRunner has terminated.
Mono: successfully reloaded assembly
- Completed reload, in  1.358 seconds
Platform modules already initialized, skipping
Refreshing native plugins compatible for Editor in 0.78 ms, found 3 plugins.
Preloading 0 native plugins for Editor in 0.00 ms.
Unloading 3441 Unused Serialized files (Serialized files now loaded: 0)
System memory in use before: 267.0 MB.
System memory in use after: 267.2 MB.

Unloading 19 unused Assets to reduce memory usage. Loaded Objects now: 3971.
Total: 3.002300 ms (FindLiveObjects: 0.348100 ms CreateObjectMapping: 0.097600 ms MarkObjects: 2.419300 ms  DeleteObjects: 0.136300 ms)

========================================================================
Received Prepare
Registering precompiled user dll's ...
Registered in 0.004996 seconds.
Begin MonoManager ReloadAssembly
Symbol file LoadedFromMemory doesn't match image E:\Fabio-bala-de-canhao\Library\PackageCache\com.unity.visualscripting@1.6.1\Editor\VisualScripting.Core\Dependencies\YamlDotNet\Unity.VisualScripting.YamlDotNet.dll
Symbol file LoadedFromMemory doesn't match image E:\Fabio-bala-de-canhao\Library\PackageCache\com.unity.visualscripting@1.6.1\Editor\VisualScripting.Core\Dependencies\DotNetZip\Unity.VisualScripting.IonicZip.dll
Native extension for WindowsStandalone target not found
Native extension for WebGL target not found
Refreshing native plugins compatible for Editor in 0.76 ms, found 3 plugins.
Preloading 0 native plugins for Editor in 0.00 ms.
Invoked RoslynAnalysisRunner static constructor.
RoslynAnalysisRunner will not be running.
RoslynAnalysisRunner has terminated.
Mono: successfully reloaded assembly
- Completed reload, in  1.505 seconds
Platform modules already initialized, skipping
Refreshing native plugins compatible for Editor in 0.78 ms, found 3 plugins.
Preloading 0 native plugins for Editor in 0.00 ms.
Unloading 3440 Unused Serialized files (Serialized files now loaded: 0)
System memory in use before: 267.0 MB.
System memory in use after: 267.2 MB.

Unloading 19 unused Assets to reduce memory usage. Loaded Objects now: 3973.
Total: 2.769900 ms (FindLiveObjects: 0.356200 ms CreateObjectMapping: 0.095600 ms MarkObjects: 2.178200 ms  DeleteObjects: 0.138400 ms)

========================================================================
Received Import Request.
  Time since last request: 894.003028 seconds.
  path: Assets/Mensagem/Cor.mat
  artifactKey: Guid(8199755b39dfb2341a7ee40445c1421a) Importer(815301076,1909f56bfc062723c751e8b465ee728b)
Start importing Assets/Mensagem/Cor.mat using Guid(8199755b39dfb2341a7ee40445c1421a) Importer(815301076,1909f56bfc062723c751e8b465ee728b)  -> (artifact id: '735f586345750c28d1d7e3b6c82d1e9b') in 0.067621 seconds
  Import took 0.074536 seconds .

========================================================================
Received Import Request.
  Time since last request: 86.347063 seconds.
  path: Assets/Mensagem/Mensagem.cs
  artifactKey: Guid(ab36fe7014bad514c97c2079d10ca65c) Importer(815301076,1909f56bfc062723c751e8b465ee728b)
Start importing Assets/Mensagem/Mensagem.cs using Guid(ab36fe7014bad514c97c2079d10ca65c) Importer(815301076,1909f56bfc062723c751e8b465ee728b)  -> (artifact id: 'f77619b63f4ce5f26435a615a8a30af9') in 0.005083 seconds
  Import took 0.011490 seconds .

========================================================================
Received Import Request.
  Time since last request: 0.002259 seconds.
  path: Assets/Mensagem/mensagem.unity
  artifactKey: Guid(748ec01c3c9ddd44a98807481761e497) Importer(815301076,1909f56bfc062723c751e8b465ee728b)
Start importing Assets/Mensagem/mensagem.unity using Guid(748ec01c3c9ddd44a98807481761e497) Importer(815301076,1909f56bfc062723c751e8b465ee728b)  -> (artifact id: '167c3a046e3d3779bbb80945f3ed1fcc') in 0.002536 seconds
  Import took 0.008630 seconds .

AssetImportWorkerClient::OnTransportError - code=2 error=End of file
